{"timestamp":"2025-07-23T01:18:30.477735","level":"info","event":"Filling up the DagBag from /opt/airflow/dags/sql_process.py","logger":"airflow.models.dagbag.DagBag"}
{"timestamp":"2025-07-23T01:18:30.886457","level":"error","event":"Failed to import: /opt/airflow/dags/sql_process.py","logger":"airflow.models.dagbag.DagBag","error_detail":[{"exc_type":"NameError","exc_value":"name 'simple_bash_dag' is not defined","exc_notes":[],"syntax_error":null,"is_cause":false,"frames":[{"filename":"/home/airflow/.local/lib/python3.12/site-packages/airflow/models/dagbag.py","lineno":384,"name":"parse"},{"filename":"<frozen importlib._bootstrap_external>","lineno":999,"name":"exec_module"},{"filename":"<frozen importlib._bootstrap>","lineno":488,"name":"_call_with_frames_removed"},{"filename":"/opt/airflow/dags/sql_process.py","lineno":13,"name":"<module>"}]}]}
{"timestamp":"2025-07-23T01:18:37.470939","level":"info","event":"Filling up the DagBag from /opt/airflow/dags/sql_process.py","logger":"airflow.models.dagbag.DagBag"}
{"timestamp":"2025-07-23T01:18:37.596625","level":"error","event":"Failed to import: /opt/airflow/dags/sql_process.py","logger":"airflow.models.dagbag.DagBag","error_detail":[{"exc_type":"SyntaxError","exc_value":"invalid syntax (sql_process.py, line 5)","exc_notes":[],"syntax_error":{"offset":5,"filename":"/opt/airflow/dags/sql_process.py","line":"def ():\n","lineno":5,"msg":"invalid syntax"},"is_cause":false,"frames":[{"filename":"/home/airflow/.local/lib/python3.12/site-packages/airflow/models/dagbag.py","lineno":384,"name":"parse"},{"filename":"<frozen importlib._bootstrap_external>","lineno":995,"name":"exec_module"},{"filename":"<frozen importlib._bootstrap_external>","lineno":1133,"name":"get_code"},{"filename":"<frozen importlib._bootstrap_external>","lineno":1063,"name":"source_to_code"},{"filename":"<frozen importlib._bootstrap>","lineno":488,"name":"_call_with_frames_removed"}]}]}
{"timestamp":"2025-07-23T01:18:44.948497","level":"info","event":"Filling up the DagBag from /opt/airflow/dags/sql_process.py","logger":"airflow.models.dagbag.DagBag"}
{"timestamp":"2025-07-23T01:18:45.108582","level":"error","event":"Failed to import: /opt/airflow/dags/sql_process.py","logger":"airflow.models.dagbag.DagBag","error_detail":[{"exc_type":"NameError","exc_value":"name 'simple_bash_dag' is not defined","exc_notes":[],"syntax_error":null,"is_cause":false,"frames":[{"filename":"/home/airflow/.local/lib/python3.12/site-packages/airflow/models/dagbag.py","lineno":384,"name":"parse"},{"filename":"<frozen importlib._bootstrap_external>","lineno":999,"name":"exec_module"},{"filename":"<frozen importlib._bootstrap>","lineno":488,"name":"_call_with_frames_removed"},{"filename":"/opt/airflow/dags/sql_process.py","lineno":13,"name":"<module>"}]}]}
{"timestamp":"2025-07-23T01:18:50.481792","level":"info","event":"Filling up the DagBag from /opt/airflow/dags/sql_process.py","logger":"airflow.models.dagbag.DagBag"}
{"timestamp":"2025-07-23T01:18:50.641528","level":"error","event":"Failed to import: /opt/airflow/dags/sql_process.py","logger":"airflow.models.dagbag.DagBag","error_detail":[{"exc_type":"NameError","exc_value":"name 'simple_bash_dag' is not defined","exc_notes":[],"syntax_error":null,"is_cause":false,"frames":[{"filename":"/home/airflow/.local/lib/python3.12/site-packages/airflow/models/dagbag.py","lineno":384,"name":"parse"},{"filename":"<frozen importlib._bootstrap_external>","lineno":999,"name":"exec_module"},{"filename":"<frozen importlib._bootstrap>","lineno":488,"name":"_call_with_frames_removed"},{"filename":"/opt/airflow/dags/sql_process.py","lineno":13,"name":"<module>"}]}]}
{"timestamp":"2025-07-23T01:18:53.999463","level":"info","event":"Filling up the DagBag from /opt/airflow/dags/sql_process.py","logger":"airflow.models.dagbag.DagBag"}
{"timestamp":"2025-07-23T01:18:54.138862","level":"error","event":"Failed to import: /opt/airflow/dags/sql_process.py","logger":"airflow.models.dagbag.DagBag","error_detail":[{"exc_type":"NameError","exc_value":"name 'simple_bash_dag' is not defined","exc_notes":[],"syntax_error":null,"is_cause":false,"frames":[{"filename":"/home/airflow/.local/lib/python3.12/site-packages/airflow/models/dagbag.py","lineno":384,"name":"parse"},{"filename":"<frozen importlib._bootstrap_external>","lineno":999,"name":"exec_module"},{"filename":"<frozen importlib._bootstrap>","lineno":488,"name":"_call_with_frames_removed"},{"filename":"/opt/airflow/dags/sql_process.py","lineno":13,"name":"<module>"}]}]}
{"timestamp":"2025-07-23T01:19:03.810395","level":"info","event":"Filling up the DagBag from /opt/airflow/dags/sql_process.py","logger":"airflow.models.dagbag.DagBag"}
{"timestamp":"2025-07-23T01:19:03.938387","level":"error","event":"Failed to import: /opt/airflow/dags/sql_process.py","logger":"airflow.models.dagbag.DagBag","error_detail":[{"exc_type":"NameError","exc_value":"name 'simple_bash_dag' is not defined","exc_notes":[],"syntax_error":null,"is_cause":false,"frames":[{"filename":"/home/airflow/.local/lib/python3.12/site-packages/airflow/models/dagbag.py","lineno":384,"name":"parse"},{"filename":"<frozen importlib._bootstrap_external>","lineno":999,"name":"exec_module"},{"filename":"<frozen importlib._bootstrap>","lineno":488,"name":"_call_with_frames_removed"},{"filename":"/opt/airflow/dags/sql_process.py","lineno":13,"name":"<module>"}]}]}
{"timestamp":"2025-07-23T01:19:15.669689","level":"info","event":"Filling up the DagBag from /opt/airflow/dags/sql_process.py","logger":"airflow.models.dagbag.DagBag"}
{"timestamp":"2025-07-23T01:19:15.748043","level":"error","event":"Failed to import: /opt/airflow/dags/sql_process.py","logger":"airflow.models.dagbag.DagBag","error_detail":[{"exc_type":"SyntaxError","exc_value":"invalid syntax (sql_process.py, line 8)","exc_notes":[],"syntax_error":{"offset":20,"filename":"/opt/airflow/dags/sql_process.py","line":"    create_table = \n","lineno":8,"msg":"invalid syntax"},"is_cause":false,"frames":[{"filename":"/home/airflow/.local/lib/python3.12/site-packages/airflow/models/dagbag.py","lineno":384,"name":"parse"},{"filename":"<frozen importlib._bootstrap_external>","lineno":995,"name":"exec_module"},{"filename":"<frozen importlib._bootstrap_external>","lineno":1133,"name":"get_code"},{"filename":"<frozen importlib._bootstrap_external>","lineno":1063,"name":"source_to_code"},{"filename":"<frozen importlib._bootstrap>","lineno":488,"name":"_call_with_frames_removed"}]}]}
{"timestamp":"2025-07-23T01:19:20.011961","level":"info","event":"Filling up the DagBag from /opt/airflow/dags/sql_process.py","logger":"airflow.models.dagbag.DagBag"}
{"timestamp":"2025-07-23T01:19:20.080703","level":"error","event":"Failed to import: /opt/airflow/dags/sql_process.py","logger":"airflow.models.dagbag.DagBag","error_detail":[{"exc_type":"SyntaxError","exc_value":"invalid syntax (sql_process.py, line 8)","exc_notes":[],"syntax_error":{"offset":20,"filename":"/opt/airflow/dags/sql_process.py","line":"    create_table = ","lineno":8,"msg":"invalid syntax"},"is_cause":false,"frames":[{"filename":"/home/airflow/.local/lib/python3.12/site-packages/airflow/models/dagbag.py","lineno":384,"name":"parse"},{"filename":"<frozen importlib._bootstrap_external>","lineno":995,"name":"exec_module"},{"filename":"<frozen importlib._bootstrap_external>","lineno":1133,"name":"get_code"},{"filename":"<frozen importlib._bootstrap_external>","lineno":1063,"name":"source_to_code"},{"filename":"<frozen importlib._bootstrap>","lineno":488,"name":"_call_with_frames_removed"}]}]}
{"timestamp":"2025-07-23T01:19:21.331538","level":"info","event":"Filling up the DagBag from /opt/airflow/dags/sql_process.py","logger":"airflow.models.dagbag.DagBag"}
{"timestamp":"2025-07-23T01:19:22.711148","level":"info","event":"Filling up the DagBag from /opt/airflow/dags/sql_process.py","logger":"airflow.models.dagbag.DagBag"}
{"timestamp":"2025-07-23T01:19:25.094029","level":"info","event":"Filling up the DagBag from /opt/airflow/dags/sql_process.py","logger":"airflow.models.dagbag.DagBag"}
{"timestamp":"2025-07-23T01:19:32.630685","level":"info","event":"Filling up the DagBag from /opt/airflow/dags/sql_process.py","logger":"airflow.models.dagbag.DagBag"}
{"timestamp":"2025-07-23T01:19:32.725902","level":"error","event":"Failed to import: /opt/airflow/dags/sql_process.py","logger":"airflow.models.dagbag.DagBag","error_detail":[{"exc_type":"SyntaxError","exc_value":"expected argument value expression (sql_process.py, line 9)","exc_notes":[],"syntax_error":{"offset":9,"filename":"/opt/airflow/dags/sql_process.py","line":"        task_id=\n","lineno":9,"msg":"expected argument value expression"},"is_cause":false,"frames":[{"filename":"/home/airflow/.local/lib/python3.12/site-packages/airflow/models/dagbag.py","lineno":384,"name":"parse"},{"filename":"<frozen importlib._bootstrap_external>","lineno":995,"name":"exec_module"},{"filename":"<frozen importlib._bootstrap_external>","lineno":1133,"name":"get_code"},{"filename":"<frozen importlib._bootstrap_external>","lineno":1063,"name":"source_to_code"},{"filename":"<frozen importlib._bootstrap>","lineno":488,"name":"_call_with_frames_removed"}]}]}
{"timestamp":"2025-07-23T01:19:34.944799","level":"info","event":"Filling up the DagBag from /opt/airflow/dags/sql_process.py","logger":"airflow.models.dagbag.DagBag"}
{"timestamp":"2025-07-23T01:19:39.635047","level":"info","event":"Filling up the DagBag from /opt/airflow/dags/sql_process.py","logger":"airflow.models.dagbag.DagBag"}
{"timestamp":"2025-07-23T01:19:42.062703","level":"info","event":"Filling up the DagBag from /opt/airflow/dags/sql_process.py","logger":"airflow.models.dagbag.DagBag"}
{"timestamp":"2025-07-23T01:19:51.701976","level":"info","event":"Filling up the DagBag from /opt/airflow/dags/sql_process.py","logger":"airflow.models.dagbag.DagBag"}
{"timestamp":"2025-07-23T01:19:55.294616","level":"info","event":"Filling up the DagBag from /opt/airflow/dags/sql_process.py","logger":"airflow.models.dagbag.DagBag"}
{"timestamp":"2025-07-23T01:19:55.375369","level":"error","event":"Failed to import: /opt/airflow/dags/sql_process.py","logger":"airflow.models.dagbag.DagBag","error_detail":[{"exc_type":"SyntaxError","exc_value":"expected argument value expression (sql_process.py, line 10)","exc_notes":[],"syntax_error":{"offset":9,"filename":"/opt/airflow/dags/sql_process.py","line":"        sql=\n","lineno":10,"msg":"expected argument value expression"},"is_cause":false,"frames":[{"filename":"/home/airflow/.local/lib/python3.12/site-packages/airflow/models/dagbag.py","lineno":384,"name":"parse"},{"filename":"<frozen importlib._bootstrap_external>","lineno":995,"name":"exec_module"},{"filename":"<frozen importlib._bootstrap_external>","lineno":1133,"name":"get_code"},{"filename":"<frozen importlib._bootstrap_external>","lineno":1063,"name":"source_to_code"},{"filename":"<frozen importlib._bootstrap>","lineno":488,"name":"_call_with_frames_removed"}]}]}
{"timestamp":"2025-07-23T01:19:58.655279","level":"info","event":"Filling up the DagBag from /opt/airflow/dags/sql_process.py","logger":"airflow.models.dagbag.DagBag"}
{"timestamp":"2025-07-23T01:20:00.006078","level":"info","event":"Filling up the DagBag from /opt/airflow/dags/sql_process.py","logger":"airflow.models.dagbag.DagBag"}
{"timestamp":"2025-07-23T01:20:07.998952","level":"info","event":"Filling up the DagBag from /opt/airflow/dags/sql_process.py","logger":"airflow.models.dagbag.DagBag"}
{"timestamp":"2025-07-23T01:20:10.414122","level":"info","event":"Filling up the DagBag from /opt/airflow/dags/sql_process.py","logger":"airflow.models.dagbag.DagBag"}
{"timestamp":"2025-07-23T01:20:11.727794","level":"info","event":"Filling up the DagBag from /opt/airflow/dags/sql_process.py","logger":"airflow.models.dagbag.DagBag"}
{"timestamp":"2025-07-23T01:20:14.125588","level":"info","event":"Filling up the DagBag from /opt/airflow/dags/sql_process.py","logger":"airflow.models.dagbag.DagBag"}
{"timestamp":"2025-07-23T01:20:22.624225","level":"info","event":"Filling up the DagBag from /opt/airflow/dags/sql_process.py","logger":"airflow.models.dagbag.DagBag"}
{"timestamp":"2025-07-23T01:20:25.157750","level":"info","event":"Filling up the DagBag from /opt/airflow/dags/sql_process.py","logger":"airflow.models.dagbag.DagBag"}
{"timestamp":"2025-07-23T01:20:28.668967","level":"info","event":"Filling up the DagBag from /opt/airflow/dags/sql_process.py","logger":"airflow.models.dagbag.DagBag"}
{"timestamp":"2025-07-23T01:20:38.545937","level":"info","event":"Filling up the DagBag from /opt/airflow/dags/sql_process.py","logger":"airflow.models.dagbag.DagBag"}
{"timestamp":"2025-07-23T01:20:42.063098","level":"info","event":"Filling up the DagBag from /opt/airflow/dags/sql_process.py","logger":"airflow.models.dagbag.DagBag"}
{"timestamp":"2025-07-23T01:20:43.409435","level":"info","event":"Filling up the DagBag from /opt/airflow/dags/sql_process.py","logger":"airflow.models.dagbag.DagBag"}
{"timestamp":"2025-07-23T01:20:45.811109","level":"info","event":"Filling up the DagBag from /opt/airflow/dags/sql_process.py","logger":"airflow.models.dagbag.DagBag"}
{"timestamp":"2025-07-23T01:20:47.167856","level":"info","event":"Filling up the DagBag from /opt/airflow/dags/sql_process.py","logger":"airflow.models.dagbag.DagBag"}
{"timestamp":"2025-07-23T01:20:54.661062","level":"info","event":"Filling up the DagBag from /opt/airflow/dags/sql_process.py","logger":"airflow.models.dagbag.DagBag"}
{"timestamp":"2025-07-23T01:21:04.206535","level":"info","event":"Filling up the DagBag from /opt/airflow/dags/sql_process.py","logger":"airflow.models.dagbag.DagBag"}
{"timestamp":"2025-07-23T01:21:07.754753","level":"info","event":"Filling up the DagBag from /opt/airflow/dags/sql_process.py","logger":"airflow.models.dagbag.DagBag"}
{"timestamp":"2025-07-23T01:21:09.225094","level":"info","event":"Filling up the DagBag from /opt/airflow/dags/sql_process.py","logger":"airflow.models.dagbag.DagBag"}
{"timestamp":"2025-07-23T01:21:14.693619","level":"info","event":"Filling up the DagBag from /opt/airflow/dags/sql_process.py","logger":"airflow.models.dagbag.DagBag"}
{"timestamp":"2025-07-23T01:21:19.132227","level":"info","event":"Filling up the DagBag from /opt/airflow/dags/sql_process.py","logger":"airflow.models.dagbag.DagBag"}
{"timestamp":"2025-07-23T01:21:21.560343","level":"info","event":"Filling up the DagBag from /opt/airflow/dags/sql_process.py","logger":"airflow.models.dagbag.DagBag"}
{"timestamp":"2025-07-23T01:21:26.021249","level":"info","event":"Filling up the DagBag from /opt/airflow/dags/sql_process.py","logger":"airflow.models.dagbag.DagBag"}
{"timestamp":"2025-07-23T01:21:32.535222","level":"info","event":"Filling up the DagBag from /opt/airflow/dags/sql_process.py","logger":"airflow.models.dagbag.DagBag"}
{"timestamp":"2025-07-23T01:21:34.929733","level":"info","event":"Filling up the DagBag from /opt/airflow/dags/sql_process.py","logger":"airflow.models.dagbag.DagBag"}
{"timestamp":"2025-07-23T01:21:39.358020","level":"info","event":"Filling up the DagBag from /opt/airflow/dags/sql_process.py","logger":"airflow.models.dagbag.DagBag"}
{"timestamp":"2025-07-23T01:21:42.775490","level":"info","event":"Filling up the DagBag from /opt/airflow/dags/sql_process.py","logger":"airflow.models.dagbag.DagBag"}
{"timestamp":"2025-07-23T01:21:44.129392","level":"info","event":"Filling up the DagBag from /opt/airflow/dags/sql_process.py","logger":"airflow.models.dagbag.DagBag"}
{"timestamp":"2025-07-23T01:21:49.537312","level":"info","event":"Filling up the DagBag from /opt/airflow/dags/sql_process.py","logger":"airflow.models.dagbag.DagBag"}
{"timestamp":"2025-07-23T01:21:54.010334","level":"info","event":"Filling up the DagBag from /opt/airflow/dags/sql_process.py","logger":"airflow.models.dagbag.DagBag"}
{"timestamp":"2025-07-23T01:21:57.375444","level":"info","event":"Filling up the DagBag from /opt/airflow/dags/sql_process.py","logger":"airflow.models.dagbag.DagBag"}
{"timestamp":"2025-07-23T01:22:02.822548","level":"info","event":"Filling up the DagBag from /opt/airflow/dags/sql_process.py","logger":"airflow.models.dagbag.DagBag"}
{"timestamp":"2025-07-23T01:22:15.935252","level":"info","event":"Filling up the DagBag from /opt/airflow/dags/sql_process.py","logger":"airflow.models.dagbag.DagBag"}
{"timestamp":"2025-07-23T01:22:17.298245","level":"info","event":"Filling up the DagBag from /opt/airflow/dags/sql_process.py","logger":"airflow.models.dagbag.DagBag"}
{"timestamp":"2025-07-23T01:22:18.645205","level":"info","event":"Filling up the DagBag from /opt/airflow/dags/sql_process.py","logger":"airflow.models.dagbag.DagBag"}
{"timestamp":"2025-07-23T01:22:20.068238","level":"info","event":"Filling up the DagBag from /opt/airflow/dags/sql_process.py","logger":"airflow.models.dagbag.DagBag"}
{"timestamp":"2025-07-23T01:22:28.603093","level":"info","event":"Filling up the DagBag from /opt/airflow/dags/sql_process.py","logger":"airflow.models.dagbag.DagBag"}
{"timestamp":"2025-07-23T01:22:59.581974","level":"info","event":"Filling up the DagBag from /opt/airflow/dags/sql_process.py","logger":"airflow.models.dagbag.DagBag"}
{"timestamp":"2025-07-23T01:23:11.416653","level":"info","event":"Filling up the DagBag from /opt/airflow/dags/sql_process.py","logger":"airflow.models.dagbag.DagBag"}
{"timestamp":"2025-07-23T01:23:12.884508","level":"info","event":"Filling up the DagBag from /opt/airflow/dags/sql_process.py","logger":"airflow.models.dagbag.DagBag"}
{"timestamp":"2025-07-23T01:23:12.954726","level":"error","event":"Failed to import: /opt/airflow/dags/sql_process.py","logger":"airflow.models.dagbag.DagBag","error_detail":[{"exc_type":"SyntaxError","exc_value":"invalid syntax. Perhaps you forgot a comma? (sql_process.py, line 10)","exc_notes":[],"syntax_error":{"offset":9,"filename":"/opt/airflow/dags/sql_process.py","line":"        conn\n","lineno":10,"msg":"invalid syntax. Perhaps you forgot a comma?"},"is_cause":false,"frames":[{"filename":"/home/airflow/.local/lib/python3.12/site-packages/airflow/models/dagbag.py","lineno":384,"name":"parse"},{"filename":"<frozen importlib._bootstrap_external>","lineno":995,"name":"exec_module"},{"filename":"<frozen importlib._bootstrap_external>","lineno":1133,"name":"get_code"},{"filename":"<frozen importlib._bootstrap_external>","lineno":1063,"name":"source_to_code"},{"filename":"<frozen importlib._bootstrap>","lineno":488,"name":"_call_with_frames_removed"}]}]}
{"timestamp":"2025-07-23T01:23:14.268511","level":"info","event":"Filling up the DagBag from /opt/airflow/dags/sql_process.py","logger":"airflow.models.dagbag.DagBag"}
{"timestamp":"2025-07-23T01:23:14.333506","level":"error","event":"Failed to import: /opt/airflow/dags/sql_process.py","logger":"airflow.models.dagbag.DagBag","error_detail":[{"exc_type":"SyntaxError","exc_value":"invalid syntax (sql_process.py, line 11)","exc_notes":[],"syntax_error":{"offset":12,"filename":"/opt/airflow/dags/sql_process.py","line":"        sql=\"\"\"\n","lineno":11,"msg":"invalid syntax"},"is_cause":false,"frames":[{"filename":"/home/airflow/.local/lib/python3.12/site-packages/airflow/models/dagbag.py","lineno":384,"name":"parse"},{"filename":"<frozen importlib._bootstrap_external>","lineno":995,"name":"exec_module"},{"filename":"<frozen importlib._bootstrap_external>","lineno":1133,"name":"get_code"},{"filename":"<frozen importlib._bootstrap_external>","lineno":1063,"name":"source_to_code"},{"filename":"<frozen importlib._bootstrap>","lineno":488,"name":"_call_with_frames_removed"}]}]}
{"timestamp":"2025-07-23T01:23:17.582577","level":"info","event":"Filling up the DagBag from /opt/airflow/dags/sql_process.py","logger":"airflow.models.dagbag.DagBag"}
{"timestamp":"2025-07-23T01:23:17.660327","level":"error","event":"Failed to import: /opt/airflow/dags/sql_process.py","logger":"airflow.models.dagbag.DagBag","error_detail":[{"exc_type":"SyntaxError","exc_value":"invalid syntax. Perhaps you forgot a comma? (sql_process.py, line 10)","exc_notes":[],"syntax_error":{"offset":17,"filename":"/opt/airflow/dags/sql_process.py","line":"        conn_id=\"\"\n","lineno":10,"msg":"invalid syntax. Perhaps you forgot a comma?"},"is_cause":false,"frames":[{"filename":"/home/airflow/.local/lib/python3.12/site-packages/airflow/models/dagbag.py","lineno":384,"name":"parse"},{"filename":"<frozen importlib._bootstrap_external>","lineno":995,"name":"exec_module"},{"filename":"<frozen importlib._bootstrap_external>","lineno":1133,"name":"get_code"},{"filename":"<frozen importlib._bootstrap_external>","lineno":1063,"name":"source_to_code"},{"filename":"<frozen importlib._bootstrap>","lineno":488,"name":"_call_with_frames_removed"}]}]}
{"timestamp":"2025-07-23T01:23:20.899564","level":"info","event":"Filling up the DagBag from /opt/airflow/dags/sql_process.py","logger":"airflow.models.dagbag.DagBag"}
{"timestamp":"2025-07-23T01:23:25.330647","level":"info","event":"Filling up the DagBag from /opt/airflow/dags/sql_process.py","logger":"airflow.models.dagbag.DagBag"}
{"timestamp":"2025-07-23T01:23:25.643514","level":"info","event":"Filling up the DagBag from /opt/airflow/dags/sql_process.py","logger":"airflow.models.dagbag.DagBag"}
{"timestamp":"2025-07-23T01:23:40.020980","level":"info","event":"Filling up the DagBag from /opt/airflow/dags/sql_process.py","logger":"airflow.models.dagbag.DagBag"}
{"timestamp":"2025-07-23T01:24:03.805378","level":"info","event":"Filling up the DagBag from /opt/airflow/dags/sql_process.py","logger":"airflow.models.dagbag.DagBag"}
{"timestamp":"2025-07-23T01:24:03.927331","level":"error","event":"Failed to import: /opt/airflow/dags/sql_process.py","logger":"airflow.models.dagbag.DagBag","error_detail":[{"exc_type":"NameError","exc_value":"name 'sql_dag' is not defined","exc_notes":[],"syntax_error":null,"is_cause":false,"frames":[{"filename":"/home/airflow/.local/lib/python3.12/site-packages/airflow/models/dagbag.py","lineno":384,"name":"parse"},{"filename":"<frozen importlib._bootstrap_external>","lineno":999,"name":"exec_module"},{"filename":"<frozen importlib._bootstrap>","lineno":488,"name":"_call_with_frames_removed"},{"filename":"/opt/airflow/dags/sql_process.py","lineno":20,"name":"<module>"}]}]}
{"timestamp":"2025-07-23T01:24:06.201002","level":"info","event":"Filling up the DagBag from /opt/airflow/dags/sql_process.py","logger":"airflow.models.dagbag.DagBag"}
{"timestamp":"2025-07-23T01:24:06.283277","level":"error","event":"Failed to import: /opt/airflow/dags/sql_process.py","logger":"airflow.models.dagbag.DagBag","error_detail":[{"exc_type":"SyntaxError","exc_value":"invalid syntax (sql_process.py, line 20)","exc_notes":[],"syntax_error":{"offset":11,"filename":"/opt/airflow/dags/sql_process.py","line":"sql_dag = ","lineno":20,"msg":"invalid syntax"},"is_cause":false,"frames":[{"filename":"/home/airflow/.local/lib/python3.12/site-packages/airflow/models/dagbag.py","lineno":384,"name":"parse"},{"filename":"<frozen importlib._bootstrap_external>","lineno":995,"name":"exec_module"},{"filename":"<frozen importlib._bootstrap_external>","lineno":1133,"name":"get_code"},{"filename":"<frozen importlib._bootstrap_external>","lineno":1063,"name":"source_to_code"},{"filename":"<frozen importlib._bootstrap>","lineno":488,"name":"_call_with_frames_removed"}]}]}
{"timestamp":"2025-07-23T01:24:12.663950","level":"info","event":"Filling up the DagBag from /opt/airflow/dags/sql_process.py","logger":"airflow.models.dagbag.DagBag"}
{"timestamp":"2025-07-23T01:24:19.353443","level":"info","event":"Filling up the DagBag from /opt/airflow/dags/sql_process.py","logger":"airflow.models.dagbag.DagBag"}
{"timestamp":"2025-07-23T01:24:20.737448","level":"info","event":"Filling up the DagBag from /opt/airflow/dags/sql_process.py","logger":"airflow.models.dagbag.DagBag"}
{"timestamp":"2025-07-23T01:24:20.853501","level":"error","event":"Failed to import: /opt/airflow/dags/sql_process.py","logger":"airflow.models.dagbag.DagBag","error_detail":[{"exc_type":"SyntaxError","exc_value":"'(' was never closed (sql_process.py, line 8)","exc_notes":[],"syntax_error":{"offset":43,"filename":"/opt/airflow/dags/sql_process.py","line":"    create_table = SQLExecuteQueryOperator(\n","lineno":8,"msg":"'(' was never closed"},"is_cause":false,"frames":[{"filename":"/home/airflow/.local/lib/python3.12/site-packages/airflow/models/dagbag.py","lineno":384,"name":"parse"},{"filename":"<frozen importlib._bootstrap_external>","lineno":995,"name":"exec_module"},{"filename":"<frozen importlib._bootstrap_external>","lineno":1133,"name":"get_code"},{"filename":"<frozen importlib._bootstrap_external>","lineno":1063,"name":"source_to_code"},{"filename":"<frozen importlib._bootstrap>","lineno":488,"name":"_call_with_frames_removed"}]}]}
{"timestamp":"2025-07-23T01:24:23.164002","level":"info","event":"Filling up the DagBag from /opt/airflow/dags/sql_process.py","logger":"airflow.models.dagbag.DagBag"}
{"timestamp":"2025-07-23T01:24:26.729382","level":"info","event":"Filling up the DagBag from /opt/airflow/dags/sql_process.py","logger":"airflow.models.dagbag.DagBag"}
{"timestamp":"2025-07-23T01:24:38.372732","level":"info","event":"Filling up the DagBag from /opt/airflow/dags/sql_process.py","logger":"airflow.models.dagbag.DagBag"}
{"timestamp":"2025-07-23T01:25:09.274824","level":"info","event":"Filling up the DagBag from /opt/airflow/dags/sql_process.py","logger":"airflow.models.dagbag.DagBag"}
{"timestamp":"2025-07-23T01:25:22.115572","level":"info","event":"Filling up the DagBag from /opt/airflow/dags/sql_process.py","logger":"airflow.models.dagbag.DagBag"}
{"timestamp":"2025-07-23T01:25:23.451617","level":"info","event":"Filling up the DagBag from /opt/airflow/dags/sql_process.py","logger":"airflow.models.dagbag.DagBag"}
{"timestamp":"2025-07-23T01:25:23.583703","level":"error","event":"Failed to import: /opt/airflow/dags/sql_process.py","logger":"airflow.models.dagbag.DagBag","error_detail":[{"exc_type":"NameError","exc_value":"name 'hello_task' is not defined","exc_notes":[],"syntax_error":null,"is_cause":false,"frames":[{"filename":"/home/airflow/.local/lib/python3.12/site-packages/airflow/models/dagbag.py","lineno":384,"name":"parse"},{"filename":"<frozen importlib._bootstrap_external>","lineno":999,"name":"exec_module"},{"filename":"<frozen importlib._bootstrap>","lineno":488,"name":"_call_with_frames_removed"},{"filename":"/opt/airflow/dags/sql_process.py","lineno":21,"name":"<module>"},{"filename":"/home/airflow/.local/lib/python3.12/site-packages/airflow/sdk/definitions/dag.py","lineno":1138,"name":"factory"},{"filename":"/opt/airflow/dags/sql_process.py","lineno":20,"name":"create_table"}]}]}
{"timestamp":"2025-07-23T01:25:31.095047","level":"info","event":"Filling up the DagBag from /opt/airflow/dags/sql_process.py","logger":"airflow.models.dagbag.DagBag"}
{"timestamp":"2025-07-23T01:25:32.489590","level":"info","event":"Filling up the DagBag from /opt/airflow/dags/sql_process.py","logger":"airflow.models.dagbag.DagBag"}
{"timestamp":"2025-07-23T01:25:35.884395","level":"info","event":"Filling up the DagBag from /opt/airflow/dags/sql_process.py","logger":"airflow.models.dagbag.DagBag"}
{"timestamp":"2025-07-23T01:25:42.342360","level":"info","event":"Filling up the DagBag from /opt/airflow/dags/sql_process.py","logger":"airflow.models.dagbag.DagBag"}
{"timestamp":"2025-07-23T01:25:44.672435","level":"info","event":"Filling up the DagBag from /opt/airflow/dags/sql_process.py","logger":"airflow.models.dagbag.DagBag"}
{"timestamp":"2025-07-23T01:25:47.268671","level":"info","event":"Filling up the DagBag from /opt/airflow/dags/sql_process.py","logger":"airflow.models.dagbag.DagBag"}
{"timestamp":"2025-07-23T01:25:49.635559","level":"info","event":"Filling up the DagBag from /opt/airflow/dags/sql_process.py","logger":"airflow.models.dagbag.DagBag"}
{"timestamp":"2025-07-23T01:26:20.190679","level":"info","event":"Filling up the DagBag from /opt/airflow/dags/sql_process.py","logger":"airflow.models.dagbag.DagBag"}
{"timestamp":"2025-07-23T01:26:50.809975","level":"info","event":"Filling up the DagBag from /opt/airflow/dags/sql_process.py","logger":"airflow.models.dagbag.DagBag"}
{"timestamp":"2025-07-23T01:27:21.508739","level":"info","event":"Filling up the DagBag from /opt/airflow/dags/sql_process.py","logger":"airflow.models.dagbag.DagBag"}
{"timestamp":"2025-07-23T01:27:52.287941","level":"info","event":"Filling up the DagBag from /opt/airflow/dags/sql_process.py","logger":"airflow.models.dagbag.DagBag"}
{"timestamp":"2025-07-23T01:28:23.067535","level":"info","event":"Filling up the DagBag from /opt/airflow/dags/sql_process.py","logger":"airflow.models.dagbag.DagBag"}
{"timestamp":"2025-07-23T01:28:53.777798","level":"info","event":"Filling up the DagBag from /opt/airflow/dags/sql_process.py","logger":"airflow.models.dagbag.DagBag"}
{"timestamp":"2025-07-23T01:29:24.393304","level":"info","event":"Filling up the DagBag from /opt/airflow/dags/sql_process.py","logger":"airflow.models.dagbag.DagBag"}
{"timestamp":"2025-07-23T01:29:54.959288","level":"info","event":"Filling up the DagBag from /opt/airflow/dags/sql_process.py","logger":"airflow.models.dagbag.DagBag"}
{"timestamp":"2025-07-23T01:30:25.809811","level":"info","event":"Filling up the DagBag from /opt/airflow/dags/sql_process.py","logger":"airflow.models.dagbag.DagBag"}
{"timestamp":"2025-07-23T01:30:56.595909","level":"info","event":"Filling up the DagBag from /opt/airflow/dags/sql_process.py","logger":"airflow.models.dagbag.DagBag"}
{"timestamp":"2025-07-23T01:31:27.162552","level":"info","event":"Filling up the DagBag from /opt/airflow/dags/sql_process.py","logger":"airflow.models.dagbag.DagBag"}
{"timestamp":"2025-07-23T01:31:57.698862","level":"info","event":"Filling up the DagBag from /opt/airflow/dags/sql_process.py","logger":"airflow.models.dagbag.DagBag"}
{"timestamp":"2025-07-23T01:32:28.620364","level":"info","event":"Filling up the DagBag from /opt/airflow/dags/sql_process.py","logger":"airflow.models.dagbag.DagBag"}
{"timestamp":"2025-07-23T23:19:41.723693","level":"info","event":"Filling up the DagBag from /opt/airflow/dags/sql_process.py","logger":"airflow.models.dagbag.DagBag"}
{"timestamp":"2025-07-23T23:20:13.373281","level":"info","event":"Filling up the DagBag from /opt/airflow/dags/sql_process.py","logger":"airflow.models.dagbag.DagBag"}
{"timestamp":"2025-07-23T23:20:43.975321","level":"info","event":"Filling up the DagBag from /opt/airflow/dags/sql_process.py","logger":"airflow.models.dagbag.DagBag"}
{"timestamp":"2025-07-23T23:21:14.890491","level":"info","event":"Filling up the DagBag from /opt/airflow/dags/sql_process.py","logger":"airflow.models.dagbag.DagBag"}
{"timestamp":"2025-07-23T23:21:27.543247","level":"info","event":"Filling up the DagBag from /opt/airflow/dags/sql_process.py","logger":"airflow.models.dagbag.DagBag"}
{"timestamp":"2025-07-23T23:21:28.872850","level":"info","event":"Filling up the DagBag from /opt/airflow/dags/sql_process.py","logger":"airflow.models.dagbag.DagBag"}
{"timestamp":"2025-07-23T23:21:28.732838","level":"info","event":"Filling up the DagBag from /opt/airflow/dags/sql_process.py","logger":"airflow.models.dagbag.DagBag"}
{"timestamp":"2025-07-23T23:21:28.961258","level":"info","event":"Filling up the DagBag from /opt/airflow/dags/sql_process.py","logger":"airflow.models.dagbag.DagBag"}
{"timestamp":"2025-07-23T23:21:42.529859","level":"info","event":"Filling up the DagBag from /opt/airflow/dags/sql_process.py","logger":"airflow.models.dagbag.DagBag"}
{"timestamp":"2025-07-23T23:21:43.886896","level":"info","event":"Filling up the DagBag from /opt/airflow/dags/sql_process.py","logger":"airflow.models.dagbag.DagBag"}
{"timestamp":"2025-07-23T23:21:56.698321","level":"info","event":"Filling up the DagBag from /opt/airflow/dags/sql_process.py","logger":"airflow.models.dagbag.DagBag"}
{"timestamp":"2025-07-23T23:21:57.041857","level":"info","event":"Filling up the DagBag from /opt/airflow/dags/sql_process.py","logger":"airflow.models.dagbag.DagBag"}
{"timestamp":"2025-07-23T23:22:27.583084","level":"info","event":"Filling up the DagBag from /opt/airflow/dags/sql_process.py","logger":"airflow.models.dagbag.DagBag"}
{"timestamp":"2025-07-23T23:22:57.860632","level":"info","event":"Filling up the DagBag from /opt/airflow/dags/sql_process.py","logger":"airflow.models.dagbag.DagBag"}
{"timestamp":"2025-07-23T23:23:28.171055","level":"info","event":"Filling up the DagBag from /opt/airflow/dags/sql_process.py","logger":"airflow.models.dagbag.DagBag"}
{"timestamp":"2025-07-23T23:23:59.265770","level":"info","event":"Filling up the DagBag from /opt/airflow/dags/sql_process.py","logger":"airflow.models.dagbag.DagBag"}
{"timestamp":"2025-07-23T23:24:30.404262","level":"info","event":"Filling up the DagBag from /opt/airflow/dags/sql_process.py","logger":"airflow.models.dagbag.DagBag"}
{"timestamp":"2025-07-23T23:25:00.964247","level":"info","event":"Filling up the DagBag from /opt/airflow/dags/sql_process.py","logger":"airflow.models.dagbag.DagBag"}
{"timestamp":"2025-07-23T23:25:31.872028","level":"info","event":"Filling up the DagBag from /opt/airflow/dags/sql_process.py","logger":"airflow.models.dagbag.DagBag"}
{"timestamp":"2025-07-23T23:26:02.497937","level":"info","event":"Filling up the DagBag from /opt/airflow/dags/sql_process.py","logger":"airflow.models.dagbag.DagBag"}
{"timestamp":"2025-07-23T23:26:32.925598","level":"info","event":"Filling up the DagBag from /opt/airflow/dags/sql_process.py","logger":"airflow.models.dagbag.DagBag"}
{"timestamp":"2025-07-23T23:27:03.634409","level":"info","event":"Filling up the DagBag from /opt/airflow/dags/sql_process.py","logger":"airflow.models.dagbag.DagBag"}
{"timestamp":"2025-07-23T23:27:34.121180","level":"info","event":"Filling up the DagBag from /opt/airflow/dags/sql_process.py","logger":"airflow.models.dagbag.DagBag"}
{"timestamp":"2025-07-23T23:28:05.093138","level":"info","event":"Filling up the DagBag from /opt/airflow/dags/sql_process.py","logger":"airflow.models.dagbag.DagBag"}
{"timestamp":"2025-07-23T23:28:36.077504","level":"info","event":"Filling up the DagBag from /opt/airflow/dags/sql_process.py","logger":"airflow.models.dagbag.DagBag"}
{"timestamp":"2025-07-23T23:29:07.002919","level":"info","event":"Filling up the DagBag from /opt/airflow/dags/sql_process.py","logger":"airflow.models.dagbag.DagBag"}
{"timestamp":"2025-07-23T23:29:37.803943","level":"info","event":"Filling up the DagBag from /opt/airflow/dags/sql_process.py","logger":"airflow.models.dagbag.DagBag"}
{"timestamp":"2025-07-23T23:30:08.613686","level":"info","event":"Filling up the DagBag from /opt/airflow/dags/sql_process.py","logger":"airflow.models.dagbag.DagBag"}
{"timestamp":"2025-07-23T23:30:39.522127","level":"info","event":"Filling up the DagBag from /opt/airflow/dags/sql_process.py","logger":"airflow.models.dagbag.DagBag"}
{"timestamp":"2025-07-23T23:31:10.417104","level":"info","event":"Filling up the DagBag from /opt/airflow/dags/sql_process.py","logger":"airflow.models.dagbag.DagBag"}
{"timestamp":"2025-07-23T23:31:41.469875","level":"info","event":"Filling up the DagBag from /opt/airflow/dags/sql_process.py","logger":"airflow.models.dagbag.DagBag"}
{"timestamp":"2025-07-23T23:32:12.430659","level":"info","event":"Filling up the DagBag from /opt/airflow/dags/sql_process.py","logger":"airflow.models.dagbag.DagBag"}
{"timestamp":"2025-07-23T23:32:43.347210","level":"info","event":"Filling up the DagBag from /opt/airflow/dags/sql_process.py","logger":"airflow.models.dagbag.DagBag"}
{"timestamp":"2025-07-23T23:33:14.277075","level":"info","event":"Filling up the DagBag from /opt/airflow/dags/sql_process.py","logger":"airflow.models.dagbag.DagBag"}
{"timestamp":"2025-07-23T23:33:45.306503","level":"info","event":"Filling up the DagBag from /opt/airflow/dags/sql_process.py","logger":"airflow.models.dagbag.DagBag"}
{"timestamp":"2025-07-23T23:34:16.316913","level":"info","event":"Filling up the DagBag from /opt/airflow/dags/sql_process.py","logger":"airflow.models.dagbag.DagBag"}
{"timestamp":"2025-07-23T23:34:47.344881","level":"info","event":"Filling up the DagBag from /opt/airflow/dags/sql_process.py","logger":"airflow.models.dagbag.DagBag"}
{"timestamp":"2025-07-23T23:35:17.623303","level":"info","event":"Filling up the DagBag from /opt/airflow/dags/sql_process.py","logger":"airflow.models.dagbag.DagBag"}
{"timestamp":"2025-07-23T23:35:47.922583","level":"info","event":"Filling up the DagBag from /opt/airflow/dags/sql_process.py","logger":"airflow.models.dagbag.DagBag"}
{"timestamp":"2025-07-23T23:36:18.928472","level":"info","event":"Filling up the DagBag from /opt/airflow/dags/sql_process.py","logger":"airflow.models.dagbag.DagBag"}
{"timestamp":"2025-07-23T23:36:49.619216","level":"info","event":"Filling up the DagBag from /opt/airflow/dags/sql_process.py","logger":"airflow.models.dagbag.DagBag"}
{"timestamp":"2025-07-23T23:37:20.538769","level":"info","event":"Filling up the DagBag from /opt/airflow/dags/sql_process.py","logger":"airflow.models.dagbag.DagBag"}
{"timestamp":"2025-07-23T23:37:51.524346","level":"info","event":"Filling up the DagBag from /opt/airflow/dags/sql_process.py","logger":"airflow.models.dagbag.DagBag"}
{"timestamp":"2025-07-23T23:38:22.470936","level":"info","event":"Filling up the DagBag from /opt/airflow/dags/sql_process.py","logger":"airflow.models.dagbag.DagBag"}
{"timestamp":"2025-07-23T23:38:53.495027","level":"info","event":"Filling up the DagBag from /opt/airflow/dags/sql_process.py","logger":"airflow.models.dagbag.DagBag"}
{"timestamp":"2025-07-23T23:39:24.558426","level":"info","event":"Filling up the DagBag from /opt/airflow/dags/sql_process.py","logger":"airflow.models.dagbag.DagBag"}
{"timestamp":"2025-07-23T23:39:54.932265","level":"info","event":"Filling up the DagBag from /opt/airflow/dags/sql_process.py","logger":"airflow.models.dagbag.DagBag"}
{"timestamp":"2025-07-23T23:40:25.239776","level":"info","event":"Filling up the DagBag from /opt/airflow/dags/sql_process.py","logger":"airflow.models.dagbag.DagBag"}
{"timestamp":"2025-07-23T23:40:56.359512","level":"info","event":"Filling up the DagBag from /opt/airflow/dags/sql_process.py","logger":"airflow.models.dagbag.DagBag"}
{"timestamp":"2025-07-23T23:41:27.376843","level":"info","event":"Filling up the DagBag from /opt/airflow/dags/sql_process.py","logger":"airflow.models.dagbag.DagBag"}
{"timestamp":"2025-07-23T23:41:57.896739","level":"info","event":"Filling up the DagBag from /opt/airflow/dags/sql_process.py","logger":"airflow.models.dagbag.DagBag"}
{"timestamp":"2025-07-23T23:42:28.246820","level":"info","event":"Filling up the DagBag from /opt/airflow/dags/sql_process.py","logger":"airflow.models.dagbag.DagBag"}
{"timestamp":"2025-07-23T23:42:59.346621","level":"info","event":"Filling up the DagBag from /opt/airflow/dags/sql_process.py","logger":"airflow.models.dagbag.DagBag"}
{"timestamp":"2025-07-23T23:43:30.076984","level":"info","event":"Filling up the DagBag from /opt/airflow/dags/sql_process.py","logger":"airflow.models.dagbag.DagBag"}
{"timestamp":"2025-07-23T23:44:00.351893","level":"info","event":"Filling up the DagBag from /opt/airflow/dags/sql_process.py","logger":"airflow.models.dagbag.DagBag"}
{"timestamp":"2025-07-23T23:44:31.464267","level":"info","event":"Filling up the DagBag from /opt/airflow/dags/sql_process.py","logger":"airflow.models.dagbag.DagBag"}
{"timestamp":"2025-07-23T23:45:02.691062","level":"info","event":"Filling up the DagBag from /opt/airflow/dags/sql_process.py","logger":"airflow.models.dagbag.DagBag"}
{"timestamp":"2025-07-23T23:45:33.932802","level":"info","event":"Filling up the DagBag from /opt/airflow/dags/sql_process.py","logger":"airflow.models.dagbag.DagBag"}
{"timestamp":"2025-07-23T23:46:04.240284","level":"info","event":"Filling up the DagBag from /opt/airflow/dags/sql_process.py","logger":"airflow.models.dagbag.DagBag"}
{"timestamp":"2025-07-23T23:46:35.235343","level":"info","event":"Filling up the DagBag from /opt/airflow/dags/sql_process.py","logger":"airflow.models.dagbag.DagBag"}
{"timestamp":"2025-07-23T23:47:06.384719","level":"info","event":"Filling up the DagBag from /opt/airflow/dags/sql_process.py","logger":"airflow.models.dagbag.DagBag"}
{"timestamp":"2025-07-23T23:47:37.534965","level":"info","event":"Filling up the DagBag from /opt/airflow/dags/sql_process.py","logger":"airflow.models.dagbag.DagBag"}
{"timestamp":"2025-07-23T23:48:08.646365","level":"info","event":"Filling up the DagBag from /opt/airflow/dags/sql_process.py","logger":"airflow.models.dagbag.DagBag"}
{"timestamp":"2025-07-23T23:48:38.899872","level":"info","event":"Filling up the DagBag from /opt/airflow/dags/sql_process.py","logger":"airflow.models.dagbag.DagBag"}
{"timestamp":"2025-07-23T23:49:09.468715","level":"info","event":"Filling up the DagBag from /opt/airflow/dags/sql_process.py","logger":"airflow.models.dagbag.DagBag"}
{"timestamp":"2025-07-23T23:49:40.574628","level":"info","event":"Filling up the DagBag from /opt/airflow/dags/sql_process.py","logger":"airflow.models.dagbag.DagBag"}
{"timestamp":"2025-07-23T23:50:11.309331","level":"info","event":"Filling up the DagBag from /opt/airflow/dags/sql_process.py","logger":"airflow.models.dagbag.DagBag"}
{"timestamp":"2025-07-23T23:50:44.065202","level":"info","event":"Filling up the DagBag from /opt/airflow/dags/sql_process.py","logger":"airflow.models.dagbag.DagBag"}
{"timestamp":"2025-07-23T23:51:14.996429","level":"info","event":"Filling up the DagBag from /opt/airflow/dags/sql_process.py","logger":"airflow.models.dagbag.DagBag"}
{"timestamp":"2025-07-23T23:51:45.340534","level":"info","event":"Filling up the DagBag from /opt/airflow/dags/sql_process.py","logger":"airflow.models.dagbag.DagBag"}
{"timestamp":"2025-07-23T23:52:16.434434","level":"info","event":"Filling up the DagBag from /opt/airflow/dags/sql_process.py","logger":"airflow.models.dagbag.DagBag"}
{"timestamp":"2025-07-23T23:52:47.445226","level":"info","event":"Filling up the DagBag from /opt/airflow/dags/sql_process.py","logger":"airflow.models.dagbag.DagBag"}
{"timestamp":"2025-07-23T23:53:18.546989","level":"info","event":"Filling up the DagBag from /opt/airflow/dags/sql_process.py","logger":"airflow.models.dagbag.DagBag"}
{"timestamp":"2025-07-23T23:53:49.529496","level":"info","event":"Filling up the DagBag from /opt/airflow/dags/sql_process.py","logger":"airflow.models.dagbag.DagBag"}
{"timestamp":"2025-07-23T23:54:20.515360","level":"info","event":"Filling up the DagBag from /opt/airflow/dags/sql_process.py","logger":"airflow.models.dagbag.DagBag"}
{"timestamp":"2025-07-23T23:54:51.285363","level":"info","event":"Filling up the DagBag from /opt/airflow/dags/sql_process.py","logger":"airflow.models.dagbag.DagBag"}
{"timestamp":"2025-07-23T23:55:22.528267","level":"info","event":"Filling up the DagBag from /opt/airflow/dags/sql_process.py","logger":"airflow.models.dagbag.DagBag"}
{"timestamp":"2025-07-23T23:55:53.525821","level":"info","event":"Filling up the DagBag from /opt/airflow/dags/sql_process.py","logger":"airflow.models.dagbag.DagBag"}
{"timestamp":"2025-07-23T23:56:24.615777","level":"info","event":"Filling up the DagBag from /opt/airflow/dags/sql_process.py","logger":"airflow.models.dagbag.DagBag"}
{"timestamp":"2025-07-23T23:56:55.017738","level":"info","event":"Filling up the DagBag from /opt/airflow/dags/sql_process.py","logger":"airflow.models.dagbag.DagBag"}
{"timestamp":"2025-07-23T23:57:26.125832","level":"info","event":"Filling up the DagBag from /opt/airflow/dags/sql_process.py","logger":"airflow.models.dagbag.DagBag"}
{"timestamp":"2025-07-23T23:57:56.422534","level":"info","event":"Filling up the DagBag from /opt/airflow/dags/sql_process.py","logger":"airflow.models.dagbag.DagBag"}
{"timestamp":"2025-07-23T23:58:26.735179","level":"info","event":"Filling up the DagBag from /opt/airflow/dags/sql_process.py","logger":"airflow.models.dagbag.DagBag"}
{"timestamp":"2025-07-23T23:58:56.959346","level":"info","event":"Filling up the DagBag from /opt/airflow/dags/sql_process.py","logger":"airflow.models.dagbag.DagBag"}
{"timestamp":"2025-07-23T23:59:27.280546","level":"info","event":"Filling up the DagBag from /opt/airflow/dags/sql_process.py","logger":"airflow.models.dagbag.DagBag"}
{"timestamp":"2025-07-23T23:59:57.681321","level":"info","event":"Filling up the DagBag from /opt/airflow/dags/sql_process.py","logger":"airflow.models.dagbag.DagBag"}
